<?xml version="1.0" encoding="utf-8"?><checkstyle version="4.3"><file name="/home/ubuntu/project/quick-example-of-testing-in-nodejs-greenkeeper-initial/test-data/sample-data.js"><error line="1" column="1" severity="error" message="&apos;module&apos; is not defined. (no-undef)" source="eslint.rules.no-undef" /></file><file name="/home/ubuntu/project/quick-example-of-testing-in-nodejs-greenkeeper-initial/test/preparing-data.test.js"><error line="6" column="12" severity="error" message="&apos;require&apos; is not defined. (no-undef)" source="eslint.rules.no-undef" /><error line="7" column="5" severity="error" message="&apos;expect&apos; is assigned a value but never used. (no-unused-vars)" source="eslint.rules.no-unused-vars" /><error line="8" column="13" severity="error" message="&apos;require&apos; is not defined. (no-undef)" source="eslint.rules.no-undef" /><error line="11" column="5" severity="error" message="&apos;fetchWeather&apos; is assigned a value but never used. (no-unused-vars)" source="eslint.rules.no-unused-vars" /><error line="11" column="20" severity="error" message="&apos;require&apos; is not defined. (no-undef)" source="eslint.rules.no-undef" /><error line="14" column="22" severity="error" message="&apos;require&apos; is not defined. (no-undef)" source="eslint.rules.no-undef" /><error line="16" column="1" severity="error" message="&apos;describe&apos; is not defined. (no-undef)" source="eslint.rules.no-undef" /><error line="18" column="5" severity="error" message="&apos;it&apos; is not defined. (no-undef)" source="eslint.rules.no-undef" /></file><file name="/home/ubuntu/project/quick-example-of-testing-in-nodejs-greenkeeper-initial/test/weather-kit.test.js"><error line="3" column="12" severity="error" message="&apos;require&apos; is not defined. (no-undef)" source="eslint.rules.no-undef" /><error line="5" column="5" severity="error" message="&apos;should&apos; is assigned a value but never used. (no-unused-vars)" source="eslint.rules.no-unused-vars" /><error line="9" column="20" severity="error" message="&apos;require&apos; is not defined. (no-undef)" source="eslint.rules.no-undef" /><error line="12" column="18" severity="error" message="&apos;require&apos; is not defined. (no-undef)" source="eslint.rules.no-undef" /><error line="20" column="1" severity="error" message="&apos;describe&apos; is not defined. (no-undef)" source="eslint.rules.no-undef" /><error line="23" column="5" severity="error" message="&apos;it&apos; is not defined. (no-undef)" source="eslint.rules.no-undef" /><error line="31" column="5" severity="error" message="&apos;it&apos; is not defined. (no-undef)" source="eslint.rules.no-undef" /><error line="39" column="5" severity="error" message="&apos;it&apos; is not defined. (no-undef)" source="eslint.rules.no-undef" /><error line="50" column="5" severity="error" message="&apos;it&apos; is not defined. (no-undef)" source="eslint.rules.no-undef" /></file></checkstyle>
